 INFO- 2024-10-21 14:16:20.788 13368-[kground-preinit] o.h.v.i.u.Version                       : Version - HV000001: Hibernate Validator 7.0.1.Final
 INFO- 2024-10-21 14:16:20.846 13368-[           main] c.e.m.MyflowerApplication               : MyflowerApplication - Starting MyflowerApplication using Java 17.0.11 with PID 13368 (D:\Goc_cua_Vu\SpringBoot\SWD\swd392-be\main-service\target\classes started by Lenovo in D:\Goc_cua_Vu\SpringBoot\SWD\swd392-be)
 INFO- 2024-10-21 14:16:20.875 13368-[           main] c.e.m.MyflowerApplication               : MyflowerApplication - The following 1 profile is active: "prod"
 INFO- 2024-10-21 14:16:21.692 13368-[           main] .s.d.r.c.RepositoryConfigurationDelegate: RepositoryConfigurationDelegate - Multiple Spring Data modules found, entering strict repository configuration mode
 INFO- 2024-10-21 14:16:21.694 13368-[           main] .s.d.r.c.RepositoryConfigurationDelegate: RepositoryConfigurationDelegate - Bootstrapping Spring Data JPA repositories in DEFAULT mode.
 INFO- 2024-10-21 14:16:21.840 13368-[           main] .s.d.r.c.RepositoryConfigurationDelegate: RepositoryConfigurationDelegate - Finished Spring Data repository scanning in 140 ms. Found 10 JPA repository interfaces.
 INFO- 2024-10-21 14:16:21.856 13368-[           main] .s.d.r.c.RepositoryConfigurationDelegate: RepositoryConfigurationDelegate - Multiple Spring Data modules found, entering strict repository configuration mode
 INFO- 2024-10-21 14:16:21.857 13368-[           main] .s.d.r.c.RepositoryConfigurationDelegate: RepositoryConfigurationDelegate - Bootstrapping Spring Data Redis repositories in DEFAULT mode.
 INFO- 2024-10-21 14:16:21.877 13368-[           main] .RepositoryConfigurationExtensionSupport: RepositoryConfigurationExtensionSupport - Spring Data Redis - Could not safely identify store assignment for repository candidate interface com.example.myflower.repository.AccountRepository; If you want this repository to be a Redis repository, consider annotating your entities with one of these annotations: org.springframework.data.redis.core.RedisHash (preferred), or consider extending one of the following types with your repository: org.springframework.data.keyvalue.repository.KeyValueRepository
 INFO- 2024-10-21 14:16:21.878 13368-[           main] .RepositoryConfigurationExtensionSupport: RepositoryConfigurationExtensionSupport - Spring Data Redis - Could not safely identify store assignment for repository candidate interface com.example.myflower.repository.CartItemRepository; If you want this repository to be a Redis repository, consider annotating your entities with one of these annotations: org.springframework.data.redis.core.RedisHash (preferred), or consider extending one of the following types with your repository: org.springframework.data.keyvalue.repository.KeyValueRepository
 INFO- 2024-10-21 14:16:21.879 13368-[           main] .RepositoryConfigurationExtensionSupport: RepositoryConfigurationExtensionSupport - Spring Data Redis - Could not safely identify store assignment for repository candidate interface com.example.myflower.repository.FeedbackRepository; If you want this repository to be a Redis repository, consider annotating your entities with one of these annotations: org.springframework.data.redis.core.RedisHash (preferred), or consider extending one of the following types with your repository: org.springframework.data.keyvalue.repository.KeyValueRepository
 INFO- 2024-10-21 14:16:21.879 13368-[           main] .RepositoryConfigurationExtensionSupport: RepositoryConfigurationExtensionSupport - Spring Data Redis - Could not safely identify store assignment for repository candidate interface com.example.myflower.repository.FlowerCategoryRepository; If you want this repository to be a Redis repository, consider annotating your entities with one of these annotations: org.springframework.data.redis.core.RedisHash (preferred), or consider extending one of the following types with your repository: org.springframework.data.keyvalue.repository.KeyValueRepository
 INFO- 2024-10-21 14:16:21.879 13368-[           main] .RepositoryConfigurationExtensionSupport: RepositoryConfigurationExtensionSupport - Spring Data Redis - Could not safely identify store assignment for repository candidate interface com.example.myflower.repository.FlowerListingRepository; If you want this repository to be a Redis repository, consider annotating your entities with one of these annotations: org.springframework.data.redis.core.RedisHash (preferred), or consider extending one of the following types with your repository: org.springframework.data.keyvalue.repository.KeyValueRepository
 INFO- 2024-10-21 14:16:21.880 13368-[           main] .RepositoryConfigurationExtensionSupport: RepositoryConfigurationExtensionSupport - Spring Data Redis - Could not safely identify store assignment for repository candidate interface com.example.myflower.repository.OrderDetailRepository; If you want this repository to be a Redis repository, consider annotating your entities with one of these annotations: org.springframework.data.redis.core.RedisHash (preferred), or consider extending one of the following types with your repository: org.springframework.data.keyvalue.repository.KeyValueRepository
 INFO- 2024-10-21 14:16:21.880 13368-[           main] .RepositoryConfigurationExtensionSupport: RepositoryConfigurationExtensionSupport - Spring Data Redis - Could not safely identify store assignment for repository candidate interface com.example.myflower.repository.OrderSummaryRepository; If you want this repository to be a Redis repository, consider annotating your entities with one of these annotations: org.springframework.data.redis.core.RedisHash (preferred), or consider extending one of the following types with your repository: org.springframework.data.keyvalue.repository.KeyValueRepository
 INFO- 2024-10-21 14:16:21.880 13368-[           main] .RepositoryConfigurationExtensionSupport: RepositoryConfigurationExtensionSupport - Spring Data Redis - Could not safely identify store assignment for repository candidate interface com.example.myflower.repository.PaymentRepository; If you want this repository to be a Redis repository, consider annotating your entities with one of these annotations: org.springframework.data.redis.core.RedisHash (preferred), or consider extending one of the following types with your repository: org.springframework.data.keyvalue.repository.KeyValueRepository
 INFO- 2024-10-21 14:16:21.881 13368-[           main] .RepositoryConfigurationExtensionSupport: RepositoryConfigurationExtensionSupport - Spring Data Redis - Could not safely identify store assignment for repository candidate interface com.example.myflower.repository.TransactionRepository; If you want this repository to be a Redis repository, consider annotating your entities with one of these annotations: org.springframework.data.redis.core.RedisHash (preferred), or consider extending one of the following types with your repository: org.springframework.data.keyvalue.repository.KeyValueRepository
 INFO- 2024-10-21 14:16:21.883 13368-[           main] .RepositoryConfigurationExtensionSupport: RepositoryConfigurationExtensionSupport - Spring Data Redis - Could not safely identify store assignment for repository candidate interface com.example.myflower.repository.WalletLogRepository; If you want this repository to be a Redis repository, consider annotating your entities with one of these annotations: org.springframework.data.redis.core.RedisHash (preferred), or consider extending one of the following types with your repository: org.springframework.data.keyvalue.repository.KeyValueRepository
 INFO- 2024-10-21 14:16:21.884 13368-[           main] .s.d.r.c.RepositoryConfigurationDelegate: RepositoryConfigurationDelegate - Finished Spring Data repository scanning in 18 ms. Found 0 Redis repository interfaces.
 INFO- 2024-10-21 14:16:22.375 13368-[           main] o.s.b.w.e.t.TomcatWebServer             : TomcatWebServer - Tomcat initialized with port 6868 (http)
 INFO- 2024-10-21 14:16:22.385 13368-[           main] o.a.c.h.Http11NioProtocol               : Http11NioProtocol - Initializing ProtocolHandler ["http-nio-6868"]
 INFO- 2024-10-21 14:16:22.387 13368-[           main] o.a.c.c.StandardService                 : StandardService - Starting service [Tomcat]
 INFO- 2024-10-21 14:16:22.388 13368-[           main] o.a.c.c.StandardEngine                  : StandardEngine - Starting Servlet engine: [Apache Tomcat/10.1.28]
 INFO- 2024-10-21 14:16:22.446 13368-[           main] o.a.c.c.C.[.[.[/api/v1]                 : [/api/v1] - Initializing Spring embedded WebApplicationContext
 INFO- 2024-10-21 14:16:22.447 13368-[           main] w.s.c.ServletWebServerApplicationContext: ServletWebServerApplicationContext - Root WebApplicationContext: initialization completed in 1528 ms
 INFO- 2024-10-21 14:16:22.606 13368-[           main] o.h.j.i.u.LogHelper                     : LogHelper - HHH000204: Processing PersistenceUnitInfo [name: default]
 INFO- 2024-10-21 14:16:22.662 13368-[           main] o.h.Version                             : Version - HHH000412: Hibernate ORM core version 6.5.2.Final
 INFO- 2024-10-21 14:16:22.689 13368-[           main] o.h.c.i.RegionFactoryInitiator          : RegionFactoryInitiator - HHH000026: Second-level cache disabled
 INFO- 2024-10-21 14:16:22.756 13368-[           main] o.h.e.b.i.EnversServiceImpl             : EnversServiceImpl - Envers integration enabled? : true
 INFO- 2024-10-21 14:16:22.888 13368-[           main] o.s.o.j.p.SpringPersistenceUnitInfo     : SpringPersistenceUnitInfo - No LoadTimeWeaver setup: ignoring JPA class transformer
 INFO- 2024-10-21 14:16:22.910 13368-[           main] c.z.h.HikariDataSource                  : HikariDataSource - HikariPool-1 - Starting...
 INFO- 2024-10-21 14:16:23.547 13368-[           main] c.z.h.p.HikariPool                      : HikariPool - HikariPool-1 - Added connection org.postgresql.jdbc.PgConnection@39a9becc
 INFO- 2024-10-21 14:16:23.549 13368-[           main] c.z.h.HikariDataSource                  : HikariDataSource - HikariPool-1 - Start completed.
 WARN- 2024-10-21 14:16:23.696 13368-[           main] o.h.o.deprecation                       : deprecation - HHH90000025: PostgreSQLDialect does not need to be specified explicitly using 'hibernate.dialect' (remove the property setting and it will be selected by default)
 INFO- 2024-10-21 14:16:24.044 13368-[           main] o.h.e.c.i.m.AuditMetadataGenerator      : AuditMetadataGenerator - Adding properties for entity: com.example.myflower.entity.Payment
 INFO- 2024-10-21 14:16:24.046 13368-[           main] o.h.e.c.i.m.AuditMetadataGenerator      : AuditMetadataGenerator - Adding properties for entity: com.example.myflower.entity.Account
 INFO- 2024-10-21 14:16:24.047 13368-[           main] o.h.e.c.i.m.AuditMetadataGenerator      : AuditMetadataGenerator - Adding properties for entity: com.example.myflower.entity.Transaction
 INFO- 2024-10-21 14:16:24.048 13368-[           main] o.h.e.c.i.m.AuditMetadataGenerator      : AuditMetadataGenerator - Adding properties for entity: com.example.myflower.entity.Blog
 INFO- 2024-10-21 14:16:24.048 13368-[           main] o.h.e.c.i.m.AuditMetadataGenerator      : AuditMetadataGenerator - Adding properties for entity: com.example.myflower.entity.WalletLog
 INFO- 2024-10-21 14:16:24.049 13368-[           main] o.h.e.c.i.m.AuditMetadataGenerator      : AuditMetadataGenerator - Adding properties for entity: com.example.myflower.entity.Feedback
 INFO- 2024-10-21 14:16:24.049 13368-[           main] o.h.e.c.i.m.AuditMetadataGenerator      : AuditMetadataGenerator - Adding properties for entity: com.example.myflower.entity.OrderSummary
 INFO- 2024-10-21 14:16:24.049 13368-[           main] o.h.e.c.i.m.AuditMetadataGenerator      : AuditMetadataGenerator - Adding properties for entity: com.example.myflower.entity.FlowerListing
 INFO- 2024-10-21 14:16:24.050 13368-[           main] o.h.e.c.i.m.AuditMetadataGenerator      : AuditMetadataGenerator - Adding properties for entity: com.example.myflower.entity.CartItem
 INFO- 2024-10-21 14:16:24.050 13368-[           main] o.h.e.c.i.m.AuditMetadataGenerator      : AuditMetadataGenerator - Adding properties for entity: com.example.myflower.entity.OrderDetail
 INFO- 2024-10-21 14:16:24.051 13368-[           main] o.h.e.c.i.m.AuditMetadataGenerator      : AuditMetadataGenerator - Adding properties for entity: com.example.myflower.entity.FlowerCategory
ERROR- 2024-10-21 14:16:24.964 13368-[           main] o.h.m.i.MetadataContext                 : MetadataContext - HHH015007: Illegal argument on static metamodel field injection : org.hibernate.envers.DefaultRevisionEntity_#class_; expected type :  org.hibernate.metamodel.model.domain.internal.EntityTypeImpl; encountered type : jakarta.persistence.metamodel.MappedSuperclassType
 INFO- 2024-10-21 14:16:24.979 13368-[           main] o.h.e.t.j.p.i.JtaPlatformInitiator      : JtaPlatformInitiator - HHH000489: No JTA platform available (set 'hibernate.transaction.jta.platform' to enable JTA platform integration)
 INFO- 2024-10-21 14:16:32.329 13368-[           main] j.LocalContainerEntityManagerFactoryBean: LocalContainerEntityManagerFactoryBean - Initialized JPA EntityManagerFactory for persistence unit 'default'
 INFO- 2024-10-21 14:16:34.354 13368-[           main] o.s.d.j.r.q.QueryEnhancerFactory        : QueryEnhancerFactory - Hibernate is in classpath; If applicable, HQL parser will be used.
 WARN- 2024-10-21 14:16:36.617 13368-[           main] JpaBaseConfiguration$JpaWebConfiguration: JpaBaseConfiguration$JpaWebConfiguration - spring.jpa.open-in-view is enabled by default. Therefore, database queries may be performed during view rendering. Explicitly configure spring.jpa.open-in-view to disable this warning
 INFO- 2024-10-21 14:16:36.664 13368-[           main] eAuthenticationProviderManagerConfigurer: InitializeAuthenticationProviderBeanManagerConfigurer$InitializeAuthenticationProviderManagerConfigurer - Global AuthenticationManager configured with AuthenticationProvider bean with name authenticationProvider
 WARN- 2024-10-21 14:16:36.665 13368-[           main] r$InitializeUserDetailsManagerConfigurer: InitializeUserDetailsBeanManagerConfigurer$InitializeUserDetailsManagerConfigurer - Global AuthenticationManager configured with an AuthenticationProvider bean. UserDetailsService beans will not be used for username/password login. Consider removing the AuthenticationProvider bean. Alternatively, consider using the UserDetailsService in a manually instantiated DaoAuthenticationProvider.
 WARN- 2024-10-21 14:16:37.127 13368-[           main] ion$DefaultTemplateResolverConfiguration: ThymeleafAutoConfiguration$DefaultTemplateResolverConfiguration - Cannot find template location: classpath:/templates/ (please add some templates, check your Thymeleaf configuration, or set spring.thymeleaf.check-template-location=false)
 INFO- 2024-10-21 14:16:37.386 13368-[           main] o.a.c.h.Http11NioProtocol               : Http11NioProtocol - Starting ProtocolHandler ["http-nio-6868"]
 INFO- 2024-10-21 14:16:37.393 13368-[           main] o.s.b.w.e.t.TomcatWebServer             : TomcatWebServer - Tomcat started on port 6868 (http) with context path '/api/v1'
 INFO- 2024-10-21 14:16:37.395 13368-[           main] o.s.m.s.b.SimpleBrokerMessageHandler    : SimpleBrokerMessageHandler - Starting...
 INFO- 2024-10-21 14:16:37.395 13368-[           main] o.s.m.s.b.SimpleBrokerMessageHandler    : SimpleBrokerMessageHandler - BrokerAvailabilityEvent[available=true, SimpleBrokerMessageHandler [org.springframework.messaging.simp.broker.DefaultSubscriptionRegistry@4eb7521e]]
 INFO- 2024-10-21 14:16:37.396 13368-[           main] o.s.m.s.b.SimpleBrokerMessageHandler    : SimpleBrokerMessageHandler - Started.
 INFO- 2024-10-21 14:16:37.405 13368-[           main] c.e.m.MyflowerApplication               : MyflowerApplication - Started MyflowerApplication in 16.899 seconds (process running for 17.763)
 INFO- 2024-10-21 14:16:39.133 13368-[nio-6868-exec-1] o.a.c.c.C.[.[.[/api/v1]                 : [/api/v1] - Initializing Spring DispatcherServlet 'dispatcherServlet'
 INFO- 2024-10-21 14:16:39.133 13368-[nio-6868-exec-1] o.s.w.s.DispatcherServlet               : DispatcherServlet - Initializing Servlet 'dispatcherServlet'
 INFO- 2024-10-21 14:16:39.135 13368-[nio-6868-exec-1] o.s.w.s.DispatcherServlet               : DispatcherServlet - Completed initialization in 2 ms
 INFO- 2024-10-21 14:17:37.392 13368-[MessageBroker-2] o.s.w.s.c.WebSocketMessageBrokerStats   : WebSocketMessageBrokerStats - WebSocketSession[0 current WS(0)-HttpStream(0)-HttpPoll(0), 0 total, 0 closed abnormally (0 connect failure, 0 send limit, 0 transport error)], stompSubProtocol[processed CONNECT(0)-CONNECTED(0)-DISCONNECT(0)], stompBrokerRelay[null], inboundChannel[pool size = 0, active threads = 0, queued tasks = 0, completed tasks = 0], outboundChannel[pool size = 0, active threads = 0, queued tasks = 0, completed tasks = 0], sockJsScheduler[pool size = 4, active threads = 1, queued tasks = 2, completed tasks = 1]
 INFO- 2024-10-21 14:17:42.035 13368-[ionShutdownHook] o.s.m.s.b.SimpleBrokerMessageHandler    : SimpleBrokerMessageHandler - Stopping...
 INFO- 2024-10-21 14:17:42.036 13368-[ionShutdownHook] o.s.m.s.b.SimpleBrokerMessageHandler    : SimpleBrokerMessageHandler - BrokerAvailabilityEvent[available=false, SimpleBrokerMessageHandler [org.springframework.messaging.simp.broker.DefaultSubscriptionRegistry@4eb7521e]]
 INFO- 2024-10-21 14:17:42.036 13368-[ionShutdownHook] o.s.m.s.b.SimpleBrokerMessageHandler    : SimpleBrokerMessageHandler - Stopped.
 INFO- 2024-10-21 14:17:42.269 13368-[ionShutdownHook] j.LocalContainerEntityManagerFactoryBean: LocalContainerEntityManagerFactoryBean - Closing JPA EntityManagerFactory for persistence unit 'default'
 INFO- 2024-10-21 14:17:42.271 13368-[ionShutdownHook] c.z.h.HikariDataSource                  : HikariDataSource - HikariPool-1 - Shutdown initiated...
 INFO- 2024-10-21 14:17:42.274 13368-[ionShutdownHook] c.z.h.HikariDataSource                  : HikariDataSource - HikariPool-1 - Shutdown completed.
 INFO- 2024-10-21 14:17:47.265 19192-[kground-preinit] o.h.v.i.u.Version                       : Version - HV000001: Hibernate Validator 7.0.1.Final
 INFO- 2024-10-21 14:17:47.308 19192-[           main] c.e.m.MyflowerApplication               : MyflowerApplication - Starting MyflowerApplication using Java 17.0.11 with PID 19192 (D:\Goc_cua_Vu\SpringBoot\SWD\swd392-be\main-service\target\classes started by Lenovo in D:\Goc_cua_Vu\SpringBoot\SWD\swd392-be)
 INFO- 2024-10-21 14:17:47.340 19192-[           main] c.e.m.MyflowerApplication               : MyflowerApplication - The following 1 profile is active: "prod"
 INFO- 2024-10-21 14:17:48.089 19192-[           main] .s.d.r.c.RepositoryConfigurationDelegate: RepositoryConfigurationDelegate - Multiple Spring Data modules found, entering strict repository configuration mode
 INFO- 2024-10-21 14:17:48.091 19192-[           main] .s.d.r.c.RepositoryConfigurationDelegate: RepositoryConfigurationDelegate - Bootstrapping Spring Data JPA repositories in DEFAULT mode.
 INFO- 2024-10-21 14:17:48.210 19192-[           main] .s.d.r.c.RepositoryConfigurationDelegate: RepositoryConfigurationDelegate - Finished Spring Data repository scanning in 114 ms. Found 10 JPA repository interfaces.
 INFO- 2024-10-21 14:17:48.222 19192-[           main] .s.d.r.c.RepositoryConfigurationDelegate: RepositoryConfigurationDelegate - Multiple Spring Data modules found, entering strict repository configuration mode
 INFO- 2024-10-21 14:17:48.223 19192-[           main] .s.d.r.c.RepositoryConfigurationDelegate: RepositoryConfigurationDelegate - Bootstrapping Spring Data Redis repositories in DEFAULT mode.
 INFO- 2024-10-21 14:17:48.236 19192-[           main] .RepositoryConfigurationExtensionSupport: RepositoryConfigurationExtensionSupport - Spring Data Redis - Could not safely identify store assignment for repository candidate interface com.example.myflower.repository.AccountRepository; If you want this repository to be a Redis repository, consider annotating your entities with one of these annotations: org.springframework.data.redis.core.RedisHash (preferred), or consider extending one of the following types with your repository: org.springframework.data.keyvalue.repository.KeyValueRepository
 INFO- 2024-10-21 14:17:48.236 19192-[           main] .RepositoryConfigurationExtensionSupport: RepositoryConfigurationExtensionSupport - Spring Data Redis - Could not safely identify store assignment for repository candidate interface com.example.myflower.repository.CartItemRepository; If you want this repository to be a Redis repository, consider annotating your entities with one of these annotations: org.springframework.data.redis.core.RedisHash (preferred), or consider extending one of the following types with your repository: org.springframework.data.keyvalue.repository.KeyValueRepository
 INFO- 2024-10-21 14:17:48.237 19192-[           main] .RepositoryConfigurationExtensionSupport: RepositoryConfigurationExtensionSupport - Spring Data Redis - Could not safely identify store assignment for repository candidate interface com.example.myflower.repository.FeedbackRepository; If you want this repository to be a Redis repository, consider annotating your entities with one of these annotations: org.springframework.data.redis.core.RedisHash (preferred), or consider extending one of the following types with your repository: org.springframework.data.keyvalue.repository.KeyValueRepository
 INFO- 2024-10-21 14:17:48.237 19192-[           main] .RepositoryConfigurationExtensionSupport: RepositoryConfigurationExtensionSupport - Spring Data Redis - Could not safely identify store assignment for repository candidate interface com.example.myflower.repository.FlowerCategoryRepository; If you want this repository to be a Redis repository, consider annotating your entities with one of these annotations: org.springframework.data.redis.core.RedisHash (preferred), or consider extending one of the following types with your repository: org.springframework.data.keyvalue.repository.KeyValueRepository
 INFO- 2024-10-21 14:17:48.239 19192-[           main] .RepositoryConfigurationExtensionSupport: RepositoryConfigurationExtensionSupport - Spring Data Redis - Could not safely identify store assignment for repository candidate interface com.example.myflower.repository.FlowerListingRepository; If you want this repository to be a Redis repository, consider annotating your entities with one of these annotations: org.springframework.data.redis.core.RedisHash (preferred), or consider extending one of the following types with your repository: org.springframework.data.keyvalue.repository.KeyValueRepository
 INFO- 2024-10-21 14:17:48.239 19192-[           main] .RepositoryConfigurationExtensionSupport: RepositoryConfigurationExtensionSupport - Spring Data Redis - Could not safely identify store assignment for repository candidate interface com.example.myflower.repository.OrderDetailRepository; If you want this repository to be a Redis repository, consider annotating your entities with one of these annotations: org.springframework.data.redis.core.RedisHash (preferred), or consider extending one of the following types with your repository: org.springframework.data.keyvalue.repository.KeyValueRepository
 INFO- 2024-10-21 14:17:48.239 19192-[           main] .RepositoryConfigurationExtensionSupport: RepositoryConfigurationExtensionSupport - Spring Data Redis - Could not safely identify store assignment for repository candidate interface com.example.myflower.repository.OrderSummaryRepository; If you want this repository to be a Redis repository, consider annotating your entities with one of these annotations: org.springframework.data.redis.core.RedisHash (preferred), or consider extending one of the following types with your repository: org.springframework.data.keyvalue.repository.KeyValueRepository
 INFO- 2024-10-21 14:17:48.239 19192-[           main] .RepositoryConfigurationExtensionSupport: RepositoryConfigurationExtensionSupport - Spring Data Redis - Could not safely identify store assignment for repository candidate interface com.example.myflower.repository.PaymentRepository; If you want this repository to be a Redis repository, consider annotating your entities with one of these annotations: org.springframework.data.redis.core.RedisHash (preferred), or consider extending one of the following types with your repository: org.springframework.data.keyvalue.repository.KeyValueRepository
 INFO- 2024-10-21 14:17:48.241 19192-[           main] .RepositoryConfigurationExtensionSupport: RepositoryConfigurationExtensionSupport - Spring Data Redis - Could not safely identify store assignment for repository candidate interface com.example.myflower.repository.TransactionRepository; If you want this repository to be a Redis repository, consider annotating your entities with one of these annotations: org.springframework.data.redis.core.RedisHash (preferred), or consider extending one of the following types with your repository: org.springframework.data.keyvalue.repository.KeyValueRepository
 INFO- 2024-10-21 14:17:48.242 19192-[           main] .RepositoryConfigurationExtensionSupport: RepositoryConfigurationExtensionSupport - Spring Data Redis - Could not safely identify store assignment for repository candidate interface com.example.myflower.repository.WalletLogRepository; If you want this repository to be a Redis repository, consider annotating your entities with one of these annotations: org.springframework.data.redis.core.RedisHash (preferred), or consider extending one of the following types with your repository: org.springframework.data.keyvalue.repository.KeyValueRepository
 INFO- 2024-10-21 14:17:48.242 19192-[           main] .s.d.r.c.RepositoryConfigurationDelegate: RepositoryConfigurationDelegate - Finished Spring Data repository scanning in 12 ms. Found 0 Redis repository interfaces.
 INFO- 2024-10-21 14:17:48.682 19192-[           main] o.s.b.w.e.t.TomcatWebServer             : TomcatWebServer - Tomcat initialized with port 6868 (http)
 INFO- 2024-10-21 14:17:48.691 19192-[           main] o.a.c.h.Http11NioProtocol               : Http11NioProtocol - Initializing ProtocolHandler ["http-nio-6868"]
 INFO- 2024-10-21 14:17:48.694 19192-[           main] o.a.c.c.StandardService                 : StandardService - Starting service [Tomcat]
 INFO- 2024-10-21 14:17:48.695 19192-[           main] o.a.c.c.StandardEngine                  : StandardEngine - Starting Servlet engine: [Apache Tomcat/10.1.28]
 INFO- 2024-10-21 14:17:48.754 19192-[           main] o.a.c.c.C.[.[.[/api/v1]                 : [/api/v1] - Initializing Spring embedded WebApplicationContext
 INFO- 2024-10-21 14:17:48.754 19192-[           main] w.s.c.ServletWebServerApplicationContext: ServletWebServerApplicationContext - Root WebApplicationContext: initialization completed in 1372 ms
 INFO- 2024-10-21 14:17:48.895 19192-[           main] o.h.j.i.u.LogHelper                     : LogHelper - HHH000204: Processing PersistenceUnitInfo [name: default]
 INFO- 2024-10-21 14:17:48.935 19192-[           main] o.h.Version                             : Version - HHH000412: Hibernate ORM core version 6.5.2.Final
 INFO- 2024-10-21 14:17:48.957 19192-[           main] o.h.c.i.RegionFactoryInitiator          : RegionFactoryInitiator - HHH000026: Second-level cache disabled
 INFO- 2024-10-21 14:17:49.008 19192-[           main] o.h.e.b.i.EnversServiceImpl             : EnversServiceImpl - Envers integration enabled? : true
 INFO- 2024-10-21 14:17:49.144 19192-[           main] o.s.o.j.p.SpringPersistenceUnitInfo     : SpringPersistenceUnitInfo - No LoadTimeWeaver setup: ignoring JPA class transformer
 INFO- 2024-10-21 14:17:49.162 19192-[           main] c.z.h.HikariDataSource                  : HikariDataSource - HikariPool-1 - Starting...
 INFO- 2024-10-21 14:17:49.787 19192-[           main] c.z.h.p.HikariPool                      : HikariPool - HikariPool-1 - Added connection org.postgresql.jdbc.PgConnection@3c5044fa
 INFO- 2024-10-21 14:17:49.788 19192-[           main] c.z.h.HikariDataSource                  : HikariDataSource - HikariPool-1 - Start completed.
 WARN- 2024-10-21 14:17:49.887 19192-[           main] o.h.o.deprecation                       : deprecation - HHH90000025: PostgreSQLDialect does not need to be specified explicitly using 'hibernate.dialect' (remove the property setting and it will be selected by default)
 INFO- 2024-10-21 14:17:50.277 19192-[           main] o.h.e.c.i.m.AuditMetadataGenerator      : AuditMetadataGenerator - Adding properties for entity: com.example.myflower.entity.Payment
 INFO- 2024-10-21 14:17:50.279 19192-[           main] o.h.e.c.i.m.AuditMetadataGenerator      : AuditMetadataGenerator - Adding properties for entity: com.example.myflower.entity.Account
 INFO- 2024-10-21 14:17:50.280 19192-[           main] o.h.e.c.i.m.AuditMetadataGenerator      : AuditMetadataGenerator - Adding properties for entity: com.example.myflower.entity.Transaction
 INFO- 2024-10-21 14:17:50.281 19192-[           main] o.h.e.c.i.m.AuditMetadataGenerator      : AuditMetadataGenerator - Adding properties for entity: com.example.myflower.entity.Blog
 INFO- 2024-10-21 14:17:50.281 19192-[           main] o.h.e.c.i.m.AuditMetadataGenerator      : AuditMetadataGenerator - Adding properties for entity: com.example.myflower.entity.WalletLog
 INFO- 2024-10-21 14:17:50.281 19192-[           main] o.h.e.c.i.m.AuditMetadataGenerator      : AuditMetadataGenerator - Adding properties for entity: com.example.myflower.entity.Feedback
 INFO- 2024-10-21 14:17:50.282 19192-[           main] o.h.e.c.i.m.AuditMetadataGenerator      : AuditMetadataGenerator - Adding properties for entity: com.example.myflower.entity.OrderSummary
 INFO- 2024-10-21 14:17:50.282 19192-[           main] o.h.e.c.i.m.AuditMetadataGenerator      : AuditMetadataGenerator - Adding properties for entity: com.example.myflower.entity.FlowerListing
 INFO- 2024-10-21 14:17:50.283 19192-[           main] o.h.e.c.i.m.AuditMetadataGenerator      : AuditMetadataGenerator - Adding properties for entity: com.example.myflower.entity.CartItem
 INFO- 2024-10-21 14:17:50.283 19192-[           main] o.h.e.c.i.m.AuditMetadataGenerator      : AuditMetadataGenerator - Adding properties for entity: com.example.myflower.entity.OrderDetail
 INFO- 2024-10-21 14:17:50.283 19192-[           main] o.h.e.c.i.m.AuditMetadataGenerator      : AuditMetadataGenerator - Adding properties for entity: com.example.myflower.entity.FlowerCategory
ERROR- 2024-10-21 14:17:51.052 19192-[           main] o.h.m.i.MetadataContext                 : MetadataContext - HHH015007: Illegal argument on static metamodel field injection : org.hibernate.envers.DefaultRevisionEntity_#class_; expected type :  org.hibernate.metamodel.model.domain.internal.EntityTypeImpl; encountered type : jakarta.persistence.metamodel.MappedSuperclassType
 INFO- 2024-10-21 14:17:51.069 19192-[           main] o.h.e.t.j.p.i.JtaPlatformInitiator      : JtaPlatformInitiator - HHH000489: No JTA platform available (set 'hibernate.transaction.jta.platform' to enable JTA platform integration)
 INFO- 2024-10-21 14:17:58.862 19192-[           main] j.LocalContainerEntityManagerFactoryBean: LocalContainerEntityManagerFactoryBean - Initialized JPA EntityManagerFactory for persistence unit 'default'
 INFO- 2024-10-21 14:17:59.522 19192-[           main] o.s.d.j.r.q.QueryEnhancerFactory        : QueryEnhancerFactory - Hibernate is in classpath; If applicable, HQL parser will be used.
 WARN- 2024-10-21 14:18:00.230 19192-[           main] JpaBaseConfiguration$JpaWebConfiguration: JpaBaseConfiguration$JpaWebConfiguration - spring.jpa.open-in-view is enabled by default. Therefore, database queries may be performed during view rendering. Explicitly configure spring.jpa.open-in-view to disable this warning
 INFO- 2024-10-21 14:18:00.254 19192-[           main] eAuthenticationProviderManagerConfigurer: InitializeAuthenticationProviderBeanManagerConfigurer$InitializeAuthenticationProviderManagerConfigurer - Global AuthenticationManager configured with AuthenticationProvider bean with name authenticationProvider
 WARN- 2024-10-21 14:18:00.256 19192-[           main] r$InitializeUserDetailsManagerConfigurer: InitializeUserDetailsBeanManagerConfigurer$InitializeUserDetailsManagerConfigurer - Global AuthenticationManager configured with an AuthenticationProvider bean. UserDetailsService beans will not be used for username/password login. Consider removing the AuthenticationProvider bean. Alternatively, consider using the UserDetailsService in a manually instantiated DaoAuthenticationProvider.
 WARN- 2024-10-21 14:18:00.698 19192-[           main] ion$DefaultTemplateResolverConfiguration: ThymeleafAutoConfiguration$DefaultTemplateResolverConfiguration - Cannot find template location: classpath:/templates/ (please add some templates, check your Thymeleaf configuration, or set spring.thymeleaf.check-template-location=false)
 INFO- 2024-10-21 14:18:00.929 19192-[           main] o.a.c.h.Http11NioProtocol               : Http11NioProtocol - Starting ProtocolHandler ["http-nio-6868"]
 INFO- 2024-10-21 14:18:00.937 19192-[           main] o.s.b.w.e.t.TomcatWebServer             : TomcatWebServer - Tomcat started on port 6868 (http) with context path '/api/v1'
 INFO- 2024-10-21 14:18:00.939 19192-[           main] o.s.m.s.b.SimpleBrokerMessageHandler    : SimpleBrokerMessageHandler - Starting...
 INFO- 2024-10-21 14:18:00.939 19192-[           main] o.s.m.s.b.SimpleBrokerMessageHandler    : SimpleBrokerMessageHandler - BrokerAvailabilityEvent[available=true, SimpleBrokerMessageHandler [org.springframework.messaging.simp.broker.DefaultSubscriptionRegistry@6f168f70]]
 INFO- 2024-10-21 14:18:00.939 19192-[           main] o.s.m.s.b.SimpleBrokerMessageHandler    : SimpleBrokerMessageHandler - Started.
 INFO- 2024-10-21 14:18:00.949 19192-[           main] c.e.m.MyflowerApplication               : MyflowerApplication - Started MyflowerApplication in 13.915 seconds (process running for 14.712)
 INFO- 2024-10-21 14:18:02.528 19192-[nio-6868-exec-2] o.a.c.c.C.[.[.[/api/v1]                 : [/api/v1] - Initializing Spring DispatcherServlet 'dispatcherServlet'
 INFO- 2024-10-21 14:18:02.529 19192-[nio-6868-exec-2] o.s.w.s.DispatcherServlet               : DispatcherServlet - Initializing Servlet 'dispatcherServlet'
 INFO- 2024-10-21 14:18:02.530 19192-[nio-6868-exec-2] o.s.w.s.DispatcherServlet               : DispatcherServlet - Completed initialization in 1 ms
 INFO- 2024-10-21 14:19:00.918 19192-[MessageBroker-2] o.s.w.s.c.WebSocketMessageBrokerStats   : WebSocketMessageBrokerStats - WebSocketSession[0 current WS(0)-HttpStream(0)-HttpPoll(0), 0 total, 0 closed abnormally (0 connect failure, 0 send limit, 0 transport error)], stompSubProtocol[processed CONNECT(0)-CONNECTED(0)-DISCONNECT(0)], stompBrokerRelay[null], inboundChannel[pool size = 0, active threads = 0, queued tasks = 0, completed tasks = 0], outboundChannel[pool size = 0, active threads = 0, queued tasks = 0, completed tasks = 0], sockJsScheduler[pool size = 4, active threads = 1, queued tasks = 2, completed tasks = 1]
 INFO- 2024-10-21 14:19:44.178 19192-[ionShutdownHook] o.s.m.s.b.SimpleBrokerMessageHandler    : SimpleBrokerMessageHandler - Stopping...
 INFO- 2024-10-21 14:19:44.178 19192-[ionShutdownHook] o.s.m.s.b.SimpleBrokerMessageHandler    : SimpleBrokerMessageHandler - BrokerAvailabilityEvent[available=false, SimpleBrokerMessageHandler [org.springframework.messaging.simp.broker.DefaultSubscriptionRegistry@6f168f70]]
 INFO- 2024-10-21 14:19:44.179 19192-[ionShutdownHook] o.s.m.s.b.SimpleBrokerMessageHandler    : SimpleBrokerMessageHandler - Stopped.
 INFO- 2024-10-21 14:19:44.403 19192-[ionShutdownHook] j.LocalContainerEntityManagerFactoryBean: LocalContainerEntityManagerFactoryBean - Closing JPA EntityManagerFactory for persistence unit 'default'
 INFO- 2024-10-21 14:19:44.405 19192-[ionShutdownHook] c.z.h.HikariDataSource                  : HikariDataSource - HikariPool-1 - Shutdown initiated...
 INFO- 2024-10-21 14:19:44.408 19192-[ionShutdownHook] c.z.h.HikariDataSource                  : HikariDataSource - HikariPool-1 - Shutdown completed.
 INFO- 2024-10-21 14:19:51.465 31008-[kground-preinit] o.h.v.i.u.Version                       : Version - HV000001: Hibernate Validator 7.0.1.Final
 INFO- 2024-10-21 14:19:51.512 31008-[           main] c.e.m.MyflowerApplication               : MyflowerApplication - Starting MyflowerApplication using Java 17.0.11 with PID 31008 (D:\Goc_cua_Vu\SpringBoot\SWD\swd392-be\main-service\target\classes started by Lenovo in D:\Goc_cua_Vu\SpringBoot\SWD\swd392-be)
 INFO- 2024-10-21 14:19:51.552 31008-[           main] c.e.m.MyflowerApplication               : MyflowerApplication - The following 1 profile is active: "prod"
 INFO- 2024-10-21 14:19:52.355 31008-[           main] .s.d.r.c.RepositoryConfigurationDelegate: RepositoryConfigurationDelegate - Multiple Spring Data modules found, entering strict repository configuration mode
 INFO- 2024-10-21 14:19:52.358 31008-[           main] .s.d.r.c.RepositoryConfigurationDelegate: RepositoryConfigurationDelegate - Bootstrapping Spring Data JPA repositories in DEFAULT mode.
 INFO- 2024-10-21 14:19:52.486 31008-[           main] .s.d.r.c.RepositoryConfigurationDelegate: RepositoryConfigurationDelegate - Finished Spring Data repository scanning in 122 ms. Found 10 JPA repository interfaces.
 INFO- 2024-10-21 14:19:52.500 31008-[           main] .s.d.r.c.RepositoryConfigurationDelegate: RepositoryConfigurationDelegate - Multiple Spring Data modules found, entering strict repository configuration mode
 INFO- 2024-10-21 14:19:52.501 31008-[           main] .s.d.r.c.RepositoryConfigurationDelegate: RepositoryConfigurationDelegate - Bootstrapping Spring Data Redis repositories in DEFAULT mode.
 INFO- 2024-10-21 14:19:52.512 31008-[           main] .RepositoryConfigurationExtensionSupport: RepositoryConfigurationExtensionSupport - Spring Data Redis - Could not safely identify store assignment for repository candidate interface com.example.myflower.repository.AccountRepository; If you want this repository to be a Redis repository, consider annotating your entities with one of these annotations: org.springframework.data.redis.core.RedisHash (preferred), or consider extending one of the following types with your repository: org.springframework.data.keyvalue.repository.KeyValueRepository
 INFO- 2024-10-21 14:19:52.513 31008-[           main] .RepositoryConfigurationExtensionSupport: RepositoryConfigurationExtensionSupport - Spring Data Redis - Could not safely identify store assignment for repository candidate interface com.example.myflower.repository.CartItemRepository; If you want this repository to be a Redis repository, consider annotating your entities with one of these annotations: org.springframework.data.redis.core.RedisHash (preferred), or consider extending one of the following types with your repository: org.springframework.data.keyvalue.repository.KeyValueRepository
 INFO- 2024-10-21 14:19:52.514 31008-[           main] .RepositoryConfigurationExtensionSupport: RepositoryConfigurationExtensionSupport - Spring Data Redis - Could not safely identify store assignment for repository candidate interface com.example.myflower.repository.FeedbackRepository; If you want this repository to be a Redis repository, consider annotating your entities with one of these annotations: org.springframework.data.redis.core.RedisHash (preferred), or consider extending one of the following types with your repository: org.springframework.data.keyvalue.repository.KeyValueRepository
 INFO- 2024-10-21 14:19:52.514 31008-[           main] .RepositoryConfigurationExtensionSupport: RepositoryConfigurationExtensionSupport - Spring Data Redis - Could not safely identify store assignment for repository candidate interface com.example.myflower.repository.FlowerCategoryRepository; If you want this repository to be a Redis repository, consider annotating your entities with one of these annotations: org.springframework.data.redis.core.RedisHash (preferred), or consider extending one of the following types with your repository: org.springframework.data.keyvalue.repository.KeyValueRepository
 INFO- 2024-10-21 14:19:52.514 31008-[           main] .RepositoryConfigurationExtensionSupport: RepositoryConfigurationExtensionSupport - Spring Data Redis - Could not safely identify store assignment for repository candidate interface com.example.myflower.repository.FlowerListingRepository; If you want this repository to be a Redis repository, consider annotating your entities with one of these annotations: org.springframework.data.redis.core.RedisHash (preferred), or consider extending one of the following types with your repository: org.springframework.data.keyvalue.repository.KeyValueRepository
 INFO- 2024-10-21 14:19:52.515 31008-[           main] .RepositoryConfigurationExtensionSupport: RepositoryConfigurationExtensionSupport - Spring Data Redis - Could not safely identify store assignment for repository candidate interface com.example.myflower.repository.OrderDetailRepository; If you want this repository to be a Redis repository, consider annotating your entities with one of these annotations: org.springframework.data.redis.core.RedisHash (preferred), or consider extending one of the following types with your repository: org.springframework.data.keyvalue.repository.KeyValueRepository
 INFO- 2024-10-21 14:19:52.515 31008-[           main] .RepositoryConfigurationExtensionSupport: RepositoryConfigurationExtensionSupport - Spring Data Redis - Could not safely identify store assignment for repository candidate interface com.example.myflower.repository.OrderSummaryRepository; If you want this repository to be a Redis repository, consider annotating your entities with one of these annotations: org.springframework.data.redis.core.RedisHash (preferred), or consider extending one of the following types with your repository: org.springframework.data.keyvalue.repository.KeyValueRepository
 INFO- 2024-10-21 14:19:52.515 31008-[           main] .RepositoryConfigurationExtensionSupport: RepositoryConfigurationExtensionSupport - Spring Data Redis - Could not safely identify store assignment for repository candidate interface com.example.myflower.repository.PaymentRepository; If you want this repository to be a Redis repository, consider annotating your entities with one of these annotations: org.springframework.data.redis.core.RedisHash (preferred), or consider extending one of the following types with your repository: org.springframework.data.keyvalue.repository.KeyValueRepository
 INFO- 2024-10-21 14:19:52.517 31008-[           main] .RepositoryConfigurationExtensionSupport: RepositoryConfigurationExtensionSupport - Spring Data Redis - Could not safely identify store assignment for repository candidate interface com.example.myflower.repository.TransactionRepository; If you want this repository to be a Redis repository, consider annotating your entities with one of these annotations: org.springframework.data.redis.core.RedisHash (preferred), or consider extending one of the following types with your repository: org.springframework.data.keyvalue.repository.KeyValueRepository
 INFO- 2024-10-21 14:19:52.519 31008-[           main] .RepositoryConfigurationExtensionSupport: RepositoryConfigurationExtensionSupport - Spring Data Redis - Could not safely identify store assignment for repository candidate interface com.example.myflower.repository.WalletLogRepository; If you want this repository to be a Redis repository, consider annotating your entities with one of these annotations: org.springframework.data.redis.core.RedisHash (preferred), or consider extending one of the following types with your repository: org.springframework.data.keyvalue.repository.KeyValueRepository
 INFO- 2024-10-21 14:19:52.520 31008-[           main] .s.d.r.c.RepositoryConfigurationDelegate: RepositoryConfigurationDelegate - Finished Spring Data repository scanning in 13 ms. Found 0 Redis repository interfaces.
 INFO- 2024-10-21 14:19:53.020 31008-[           main] o.s.b.w.e.t.TomcatWebServer             : TomcatWebServer - Tomcat initialized with port 6868 (http)
 INFO- 2024-10-21 14:19:53.028 31008-[           main] o.a.c.h.Http11NioProtocol               : Http11NioProtocol - Initializing ProtocolHandler ["http-nio-6868"]
 INFO- 2024-10-21 14:19:53.030 31008-[           main] o.a.c.c.StandardService                 : StandardService - Starting service [Tomcat]
 INFO- 2024-10-21 14:19:53.031 31008-[           main] o.a.c.c.StandardEngine                  : StandardEngine - Starting Servlet engine: [Apache Tomcat/10.1.28]
 INFO- 2024-10-21 14:19:53.097 31008-[           main] o.a.c.c.C.[.[.[/api/v1]                 : [/api/v1] - Initializing Spring embedded WebApplicationContext
 INFO- 2024-10-21 14:19:53.098 31008-[           main] w.s.c.ServletWebServerApplicationContext: ServletWebServerApplicationContext - Root WebApplicationContext: initialization completed in 1500 ms
 INFO- 2024-10-21 14:19:53.257 31008-[           main] o.h.j.i.u.LogHelper                     : LogHelper - HHH000204: Processing PersistenceUnitInfo [name: default]
 INFO- 2024-10-21 14:19:53.311 31008-[           main] o.h.Version                             : Version - HHH000412: Hibernate ORM core version 6.5.2.Final
 INFO- 2024-10-21 14:19:53.342 31008-[           main] o.h.c.i.RegionFactoryInitiator          : RegionFactoryInitiator - HHH000026: Second-level cache disabled
 INFO- 2024-10-21 14:19:53.397 31008-[           main] o.h.e.b.i.EnversServiceImpl             : EnversServiceImpl - Envers integration enabled? : true
 INFO- 2024-10-21 14:19:53.531 31008-[           main] o.s.o.j.p.SpringPersistenceUnitInfo     : SpringPersistenceUnitInfo - No LoadTimeWeaver setup: ignoring JPA class transformer
 INFO- 2024-10-21 14:19:53.552 31008-[           main] c.z.h.HikariDataSource                  : HikariDataSource - HikariPool-1 - Starting...
 INFO- 2024-10-21 14:19:54.162 31008-[           main] c.z.h.p.HikariPool                      : HikariPool - HikariPool-1 - Added connection org.postgresql.jdbc.PgConnection@177302d6
 INFO- 2024-10-21 14:19:54.166 31008-[           main] c.z.h.HikariDataSource                  : HikariDataSource - HikariPool-1 - Start completed.
 WARN- 2024-10-21 14:19:54.252 31008-[           main] o.h.o.deprecation                       : deprecation - HHH90000025: PostgreSQLDialect does not need to be specified explicitly using 'hibernate.dialect' (remove the property setting and it will be selected by default)
 INFO- 2024-10-21 14:19:54.615 31008-[           main] o.h.e.c.i.m.AuditMetadataGenerator      : AuditMetadataGenerator - Adding properties for entity: com.example.myflower.entity.Payment
 INFO- 2024-10-21 14:19:54.617 31008-[           main] o.h.e.c.i.m.AuditMetadataGenerator      : AuditMetadataGenerator - Adding properties for entity: com.example.myflower.entity.Account
 INFO- 2024-10-21 14:19:54.619 31008-[           main] o.h.e.c.i.m.AuditMetadataGenerator      : AuditMetadataGenerator - Adding properties for entity: com.example.myflower.entity.Transaction
 INFO- 2024-10-21 14:19:54.620 31008-[           main] o.h.e.c.i.m.AuditMetadataGenerator      : AuditMetadataGenerator - Adding properties for entity: com.example.myflower.entity.Blog
 INFO- 2024-10-21 14:19:54.620 31008-[           main] o.h.e.c.i.m.AuditMetadataGenerator      : AuditMetadataGenerator - Adding properties for entity: com.example.myflower.entity.WalletLog
 INFO- 2024-10-21 14:19:54.621 31008-[           main] o.h.e.c.i.m.AuditMetadataGenerator      : AuditMetadataGenerator - Adding properties for entity: com.example.myflower.entity.Feedback
 INFO- 2024-10-21 14:19:54.621 31008-[           main] o.h.e.c.i.m.AuditMetadataGenerator      : AuditMetadataGenerator - Adding properties for entity: com.example.myflower.entity.OrderSummary
 INFO- 2024-10-21 14:19:54.621 31008-[           main] o.h.e.c.i.m.AuditMetadataGenerator      : AuditMetadataGenerator - Adding properties for entity: com.example.myflower.entity.FlowerListing
 INFO- 2024-10-21 14:19:54.622 31008-[           main] o.h.e.c.i.m.AuditMetadataGenerator      : AuditMetadataGenerator - Adding properties for entity: com.example.myflower.entity.CartItem
 INFO- 2024-10-21 14:19:54.622 31008-[           main] o.h.e.c.i.m.AuditMetadataGenerator      : AuditMetadataGenerator - Adding properties for entity: com.example.myflower.entity.OrderDetail
 INFO- 2024-10-21 14:19:54.623 31008-[           main] o.h.e.c.i.m.AuditMetadataGenerator      : AuditMetadataGenerator - Adding properties for entity: com.example.myflower.entity.FlowerCategory
ERROR- 2024-10-21 14:19:55.476 31008-[           main] o.h.m.i.MetadataContext                 : MetadataContext - HHH015007: Illegal argument on static metamodel field injection : org.hibernate.envers.DefaultRevisionEntity_#class_; expected type :  org.hibernate.metamodel.model.domain.internal.EntityTypeImpl; encountered type : jakarta.persistence.metamodel.MappedSuperclassType
 INFO- 2024-10-21 14:19:55.492 31008-[           main] o.h.e.t.j.p.i.JtaPlatformInitiator      : JtaPlatformInitiator - HHH000489: No JTA platform available (set 'hibernate.transaction.jta.platform' to enable JTA platform integration)
 INFO- 2024-10-21 14:20:02.663 31008-[           main] j.LocalContainerEntityManagerFactoryBean: LocalContainerEntityManagerFactoryBean - Initialized JPA EntityManagerFactory for persistence unit 'default'
 INFO- 2024-10-21 14:20:03.331 31008-[           main] o.s.d.j.r.q.QueryEnhancerFactory        : QueryEnhancerFactory - Hibernate is in classpath; If applicable, HQL parser will be used.
 WARN- 2024-10-21 14:20:04.094 31008-[           main] JpaBaseConfiguration$JpaWebConfiguration: JpaBaseConfiguration$JpaWebConfiguration - spring.jpa.open-in-view is enabled by default. Therefore, database queries may be performed during view rendering. Explicitly configure spring.jpa.open-in-view to disable this warning
 INFO- 2024-10-21 14:20:04.120 31008-[           main] eAuthenticationProviderManagerConfigurer: InitializeAuthenticationProviderBeanManagerConfigurer$InitializeAuthenticationProviderManagerConfigurer - Global AuthenticationManager configured with AuthenticationProvider bean with name authenticationProvider
 WARN- 2024-10-21 14:20:04.121 31008-[           main] r$InitializeUserDetailsManagerConfigurer: InitializeUserDetailsBeanManagerConfigurer$InitializeUserDetailsManagerConfigurer - Global AuthenticationManager configured with an AuthenticationProvider bean. UserDetailsService beans will not be used for username/password login. Consider removing the AuthenticationProvider bean. Alternatively, consider using the UserDetailsService in a manually instantiated DaoAuthenticationProvider.
 WARN- 2024-10-21 14:20:04.565 31008-[           main] ion$DefaultTemplateResolverConfiguration: ThymeleafAutoConfiguration$DefaultTemplateResolverConfiguration - Cannot find template location: classpath:/templates/ (please add some templates, check your Thymeleaf configuration, or set spring.thymeleaf.check-template-location=false)
 INFO- 2024-10-21 14:20:04.802 31008-[           main] o.a.c.h.Http11NioProtocol               : Http11NioProtocol - Starting ProtocolHandler ["http-nio-6868"]
 INFO- 2024-10-21 14:20:04.809 31008-[           main] o.s.b.w.e.t.TomcatWebServer             : TomcatWebServer - Tomcat started on port 6868 (http) with context path '/api/v1'
 INFO- 2024-10-21 14:20:04.811 31008-[           main] o.s.m.s.b.SimpleBrokerMessageHandler    : SimpleBrokerMessageHandler - Starting...
 INFO- 2024-10-21 14:20:04.811 31008-[           main] o.s.m.s.b.SimpleBrokerMessageHandler    : SimpleBrokerMessageHandler - BrokerAvailabilityEvent[available=true, SimpleBrokerMessageHandler [org.springframework.messaging.simp.broker.DefaultSubscriptionRegistry@379f1d78]]
 INFO- 2024-10-21 14:20:04.812 31008-[           main] o.s.m.s.b.SimpleBrokerMessageHandler    : SimpleBrokerMessageHandler - Started.
 INFO- 2024-10-21 14:20:04.822 31008-[           main] c.e.m.MyflowerApplication               : MyflowerApplication - Started MyflowerApplication in 13.619 seconds (process running for 14.459)
 INFO- 2024-10-21 14:20:07.554 31008-[nio-6868-exec-1] o.a.c.c.C.[.[.[/api/v1]                 : [/api/v1] - Initializing Spring DispatcherServlet 'dispatcherServlet'
 INFO- 2024-10-21 14:20:07.554 31008-[nio-6868-exec-1] o.s.w.s.DispatcherServlet               : DispatcherServlet - Initializing Servlet 'dispatcherServlet'
 INFO- 2024-10-21 14:20:07.555 31008-[nio-6868-exec-1] o.s.w.s.DispatcherServlet               : DispatcherServlet - Completed initialization in 1 ms
 INFO- 2024-10-21 14:21:03.959 31008-[ionShutdownHook] o.s.m.s.b.SimpleBrokerMessageHandler    : SimpleBrokerMessageHandler - Stopping...
 INFO- 2024-10-21 14:21:03.960 31008-[ionShutdownHook] o.s.m.s.b.SimpleBrokerMessageHandler    : SimpleBrokerMessageHandler - BrokerAvailabilityEvent[available=false, SimpleBrokerMessageHandler [org.springframework.messaging.simp.broker.DefaultSubscriptionRegistry@379f1d78]]
 INFO- 2024-10-21 14:21:03.961 31008-[ionShutdownHook] o.s.m.s.b.SimpleBrokerMessageHandler    : SimpleBrokerMessageHandler - Stopped.
 INFO- 2024-10-21 14:21:04.370 31008-[ionShutdownHook] j.LocalContainerEntityManagerFactoryBean: LocalContainerEntityManagerFactoryBean - Closing JPA EntityManagerFactory for persistence unit 'default'
 INFO- 2024-10-21 14:21:04.373 31008-[ionShutdownHook] c.z.h.HikariDataSource                  : HikariDataSource - HikariPool-1 - Shutdown initiated...
 INFO- 2024-10-21 14:21:04.380 31008-[ionShutdownHook] c.z.h.HikariDataSource                  : HikariDataSource - HikariPool-1 - Shutdown completed.
